<?xml version="1.0" encoding="UTF-8"?>
<!-- Generated by org.testng.reporters.JUnitReportReporter -->
<testsuite hostname="MNLW7RLARDIZABA" name="automationFramework.Framework_001" tests="1" failures="0" timestamp="3 May 2017 05:33:11 GMT" time="2.864" errors="0">
  <testcase name="f" time="2.864" classname="automationFramework.Framework_001"/>
</testsuite> <!-- automationFramework.Framework_001 -->
